# JRE version: OpenJDK Runtime Environment (8.0_202-b03) (build 1.8.0_202-release-1483-b03)
# Java VM: OpenJDK 64-Bit Server VM (25.202-b03 mixed mode windows-amd64 compressed oops)
Heap:
 PSYoungGen      total 98304K, used 25502K [0x00000000e0000000, 0x00000000e6700000, 0x0000000100000000)
  eden space 91136K, 27% used [0x00000000e0000000,0x00000000e18e78b0,0x00000000e5900000)
  from space 7168K, 0% used [0x00000000e6000000,0x00000000e6000000,0x00000000e6700000)
  to   space 7168K, 0% used [0x00000000e5900000,0x00000000e5900000,0x00000000e6000000)
 ParOldGen       total 82432K, used 10658K [0x00000000a0000000, 0x00000000a5080000, 0x00000000e0000000)
  object space 82432K, 12% used [0x00000000a0000000,0x00000000a0a68aa8,0x00000000a5080000)
 Metaspace       used 24915K, capacity 25380K, committed 25728K, reserved 1071104K
  class space    used 3449K, capacity 3635K, committed 3712K, reserved 1048576K
GC Heap History (10 events):
Event: 1.682 GC heap before
{Heap before GC invocations=1 (full 0):
 PSYoungGen      total 52736K, used 45568K [0x00000000e0000000, 0x00000000e3a80000, 0x0000000100000000)
  eden space 45568K, 100% used [0x00000000e0000000,0x00000000e2c80000,0x00000000e2c80000)
  from space 7168K, 0% used [0x00000000e3380000,0x00000000e3380000,0x00000000e3a80000)
  to   space 7168K, 0% used [0x00000000e2c80000,0x00000000e2c80000,0x00000000e3380000)
 ParOldGen       total 120320K, used 0K [0x00000000a0000000, 0x00000000a7580000, 0x00000000e0000000)
  object space 120320K, 0% used [0x00000000a0000000,0x00000000a0000000,0x00000000a7580000)
 Metaspace       used 7057K, capacity 7272K, committed 7424K, reserved 1056768K
  class space    used 859K, capacity 940K, committed 1024K, reserved 1048576K
Event: 1.692 GC heap after
Heap after GC invocations=1 (full 0):
 PSYoungGen      total 52736K, used 4893K [0x00000000e0000000, 0x00000000e3a80000, 0x0000000100000000)
  eden space 45568K, 0% used [0x00000000e0000000,0x00000000e0000000,0x00000000e2c80000)
  from space 7168K, 68% used [0x00000000e2c80000,0x00000000e3147470,0x00000000e3380000)
  to   space 7168K, 0% used [0x00000000e3380000,0x00000000e3380000,0x00000000e3a80000)
 ParOldGen       total 120320K, used 16K [0x00000000a0000000, 0x00000000a7580000, 0x00000000e0000000)
  object space 120320K, 0% used [0x00000000a0000000,0x00000000a0004000,0x00000000a7580000)
 Metaspace       used 7057K, capacity 7272K, committed 7424K, reserved 1056768K
  class space    used 859K, capacity 940K, committed 1024K, reserved 1048576K
}
Event: 3.610 GC heap before
{Heap before GC invocations=2 (full 0):
 PSYoungGen      total 52736K, used 50461K [0x00000000e0000000, 0x00000000e3a80000, 0x0000000100000000)
  eden space 45568K, 100% used [0x00000000e0000000,0x00000000e2c80000,0x00000000e2c80000)
  from space 7168K, 68% used [0x00000000e2c80000,0x00000000e3147470,0x00000000e3380000)
  to   space 7168K, 0% used [0x00000000e3380000,0x00000000e3380000,0x00000000e3a80000)
 ParOldGen       total 120320K, used 16K [0x00000000a0000000, 0x00000000a7580000, 0x00000000e0000000)
  object space 120320K, 0% used [0x00000000a0000000,0x00000000a0004000,0x00000000a7580000)
 Metaspace       used 12447K, capacity 12850K, committed 13184K, reserved 1060864K
  class space    used 1694K, capacity 1835K, committed 1920K, reserved 1048576K
Event: 3.622 GC heap after
Heap after GC invocations=2 (full 0):
 PSYoungGen      total 52736K, used 6975K [0x00000000e0000000, 0x00000000e3a80000, 0x0000000100000000)
  eden space 45568K, 0% used [0x00000000e0000000,0x00000000e0000000,0x00000000e2c80000)
  from space 7168K, 97% used [0x00000000e3380000,0x00000000e3a4fef0,0x00000000e3a80000)
  to   space 7168K, 0% used [0x00000000e2c80000,0x00000000e2c80000,0x00000000e3380000)
 ParOldGen       total 120320K, used 24K [0x00000000a0000000, 0x00000000a7580000, 0x00000000e0000000)
  object space 120320K, 0% used [0x00000000a0000000,0x00000000a0006000,0x00000000a7580000)
 Metaspace       used 12447K, capacity 12850K, committed 13184K, reserved 1060864K
  class space    used 1694K, capacity 1835K, committed 1920K, reserved 1048576K
}
Event: 4.352 GC heap before
{Heap before GC invocations=3 (full 0):
 PSYoungGen      total 52736K, used 52543K [0x00000000e0000000, 0x00000000e3a80000, 0x0000000100000000)
  eden space 45568K, 100% used [0x00000000e0000000,0x00000000e2c80000,0x00000000e2c80000)
  from space 7168K, 97% used [0x00000000e3380000,0x00000000e3a4fef0,0x00000000e3a80000)
  to   space 7168K, 0% used [0x00000000e2c80000,0x00000000e2c80000,0x00000000e3380000)
 ParOldGen       total 120320K, used 24K [0x00000000a0000000, 0x00000000a7580000, 0x00000000e0000000)
  object space 120320K, 0% used [0x00000000a0000000,0x00000000a0006000,0x00000000a7580000)
 Metaspace       used 16384K, capacity 16776K, committed 16896K, reserved 1062912K
  class space    used 2333K, capacity 2488K, committed 2560K, reserved 1048576K
Event: 4.367 GC heap after
Heap after GC invocations=3 (full 0):
 PSYoungGen      total 52736K, used 7139K [0x00000000e0000000, 0x00000000e6700000, 0x0000000100000000)
  eden space 45568K, 0% used [0x00000000e0000000,0x00000000e0000000,0x00000000e2c80000)
  from space 7168K, 99% used [0x00000000e2c80000,0x00000000e3378de0,0x00000000e3380000)
  to   space 7168K, 0% used [0x00000000e6000000,0x00000000e6000000,0x00000000e6700000)
 ParOldGen       total 120320K, used 2438K [0x00000000a0000000, 0x00000000a7580000, 0x00000000e0000000)
  object space 120320K, 2% used [0x00000000a0000000,0x00000000a0261ab8,0x00000000a7580000)
 Metaspace       used 16384K, capacity 16776K, committed 16896K, reserved 1062912K
  class space    used 2333K, capacity 2488K, committed 2560K, reserved 1048576K
}
Event: 5.248 GC heap before
{Heap before GC invocations=4 (full 0):
 PSYoungGen      total 52736K, used 50297K [0x00000000e0000000, 0x00000000e6700000, 0x0000000100000000)
  eden space 45568K, 94% used [0x00000000e0000000,0x00000000e2a259c0,0x00000000e2c80000)
  from space 7168K, 99% used [0x00000000e2c80000,0x00000000e3378de0,0x00000000e3380000)
  to   space 7168K, 0% used [0x00000000e6000000,0x00000000e6000000,0x00000000e6700000)
 ParOldGen       total 120320K, used 2438K [0x00000000a0000000, 0x00000000a7580000, 0x00000000e0000000)
  object space 120320K, 2% used [0x00000000a0000000,0x00000000a0261ab8,0x00000000a7580000)
 Metaspace       used 20692K, capacity 21142K, committed 21296K, reserved 1067008K
  class space    used 2954K, capacity 3119K, committed 3200K, reserved 1048576K
Event: 5.262 GC heap after
Heap after GC invocations=4 (full 0):
 PSYoungGen      total 98304K, used 7144K [0x00000000e0000000, 0x00000000e6700000, 0x0000000100000000)
  eden space 91136K, 0% used [0x00000000e0000000,0x00000000e0000000,0x00000000e5900000)
  from space 7168K, 99% used [0x00000000e6000000,0x00000000e66fa0e8,0x00000000e6700000)
  to   space 7168K, 0% used [0x00000000e5900000,0x00000000e5900000,0x00000000e6000000)
 ParOldGen       total 120320K, used 6260K [0x00000000a0000000, 0x00000000a7580000, 0x00000000e0000000)
  object space 120320K, 5% used [0x00000000a0000000,0x00000000a061d2f8,0x00000000a7580000)
 Metaspace       used 20692K, capacity 21142K, committed 21296K, reserved 1067008K
  class space    used 2954K, capacity 3119K, committed 3200K, reserved 1048576K
}
Event: 5.262 GC heap before
{Heap before GC invocations=5 (full 1):
 PSYoungGen      total 98304K, used 7144K [0x00000000e0000000, 0x00000000e6700000, 0x0000000100000000)
  eden space 91136K, 0% used [0x00000000e0000000,0x00000000e0000000,0x00000000e5900000)
  from space 7168K, 99% used [0x00000000e6000000,0x00000000e66fa0e8,0x00000000e6700000)
  to   space 7168K, 0% used [0x00000000e5900000,0x00000000e5900000,0x00000000e6000000)
 ParOldGen       total 120320K, used 6260K [0x00000000a0000000, 0x00000000a7580000, 0x00000000e0000000)
  object space 120320K, 5% used [0x00000000a0000000,0x00000000a061d2f8,0x00000000a7580000)
 Metaspace       used 20692K, capacity 21142K, committed 21296K, reserved 1067008K
  class space    used 2954K, capacity 3119K, committed 3200K, reserved 1048576K
Event: 5.314 GC heap after
Heap after GC invocations=5 (full 1):
 PSYoungGen      total 98304K, used 0K [0x00000000e0000000, 0x00000000e6700000, 0x0000000100000000)
  eden space 91136K, 0% used [0x00000000e0000000,0x00000000e0000000,0x00000000e5900000)
  from space 7168K, 0% used [0x00000000e6000000,0x00000000e6000000,0x00000000e6700000)
  to   space 7168K, 0% used [0x00000000e5900000,0x00000000e5900000,0x00000000e6000000)
 ParOldGen       total 82432K, used 10658K [0x00000000a0000000, 0x00000000a5080000, 0x00000000e0000000)
  object space 82432K, 12% used [0x00000000a0000000,0x00000000a0a68aa8,0x00000000a5080000)
 Metaspace       used 20692K, capacity 21142K, committed 21296K, reserved 1067008K
  class space    used 2954K, capacity 3119K, committed 3200K, reserved 1048576K
}

