# JRE version: OpenJDK Runtime Environment (8.0_242-b01) (build 1.8.0_242-release-1644-b01)
# Java VM: OpenJDK 64-Bit Server VM (25.242-b01 mixed mode windows-amd64 compressed oops)
Heap:
 PSYoungGen      total 390144K, used 359090K [0x00000000e0000000, 0x00000000f9a80000, 0x0000000100000000)
  eden space 368640K, 91% used [0x00000000e0000000,0x00000000f49b00e0,0x00000000f6800000)
  from space 21504K, 99% used [0x00000000f8580000,0x00000000f9a7c990,0x00000000f9a80000)
  to   space 24064K, 0% used [0x00000000f6b80000,0x00000000f6b80000,0x00000000f8300000)
 ParOldGen       total 129024K, used 34730K [0x00000000a0000000, 0x00000000a7e00000, 0x00000000e0000000)
  object space 129024K, 26% used [0x00000000a0000000,0x00000000a21ea880,0x00000000a7e00000)
 Metaspace       used 75389K, capacity 79400K, committed 79528K, reserved 1118208K
  class space    used 10055K, capacity 10815K, committed 10928K, reserved 1048576K
GC Heap History (10 events):
Event: 6.490 GC heap before
{Heap before GC invocations=9 (full 2):
 PSYoungGen      total 155648K, used 6976K [0x00000000e0000000, 0x00000000f2580000, 0x0000000100000000)
  eden space 141312K, 0% used [0x00000000e0000000,0x00000000e0000000,0x00000000e8a00000)
  from space 14336K, 48% used [0x00000000e8a00000,0x00000000e90d0000,0x00000000e9800000)
  to   space 13824K, 0% used [0x00000000f1800000,0x00000000f1800000,0x00000000f2580000)
 ParOldGen       total 78336K, used 11942K [0x00000000a0000000, 0x00000000a4c80000, 0x00000000e0000000)
  object space 78336K, 15% used [0x00000000a0000000,0x00000000a0ba98e8,0x00000000a4c80000)
 Metaspace       used 34616K, capacity 35410K, committed 35496K, reserved 1079296K
  class space    used 4744K, capacity 4972K, committed 5040K, reserved 1048576K
Event: 6.563 GC heap after
Heap after GC invocations=9 (full 2):
 PSYoungGen      total 155648K, used 0K [0x00000000e0000000, 0x00000000f2580000, 0x0000000100000000)
  eden space 141312K, 0% used [0x00000000e0000000,0x00000000e0000000,0x00000000e8a00000)
  from space 14336K, 0% used [0x00000000e8a00000,0x00000000e8a00000,0x00000000e9800000)
  to   space 13824K, 0% used [0x00000000f1800000,0x00000000f1800000,0x00000000f2580000)
 ParOldGen       total 93184K, used 13687K [0x00000000a0000000, 0x00000000a5b00000, 0x00000000e0000000)
  object space 93184K, 14% used [0x00000000a0000000,0x00000000a0d5de50,0x00000000a5b00000)
 Metaspace       used 34616K, capacity 35410K, committed 35496K, reserved 1079296K
  class space    used 4744K, capacity 4972K, committed 5040K, reserved 1048576K
}
Event: 8.905 GC heap before
{Heap before GC invocations=10 (full 2):
 PSYoungGen      total 155648K, used 140870K [0x00000000e0000000, 0x00000000f2580000, 0x0000000100000000)
  eden space 141312K, 99% used [0x00000000e0000000,0x00000000e8991ba8,0x00000000e8a00000)
  from space 14336K, 0% used [0x00000000e8a00000,0x00000000e8a00000,0x00000000e9800000)
  to   space 13824K, 0% used [0x00000000f1800000,0x00000000f1800000,0x00000000f2580000)
 ParOldGen       total 93184K, used 13687K [0x00000000a0000000, 0x00000000a5b00000, 0x00000000e0000000)
  object space 93184K, 14% used [0x00000000a0000000,0x00000000a0d5de50,0x00000000a5b00000)
 Metaspace       used 46322K, capacity 47786K, committed 47912K, reserved 1091584K
  class space    used 6261K, capacity 6629K, committed 6704K, reserved 1048576K
Event: 8.921 GC heap after
Heap after GC invocations=10 (full 2):
 PSYoungGen      total 270848K, used 13799K [0x00000000e0000000, 0x00000000f2580000, 0x0000000100000000)
  eden space 257024K, 0% used [0x00000000e0000000,0x00000000e0000000,0x00000000efb00000)
  from space 13824K, 99% used [0x00000000f1800000,0x00000000f2579cc8,0x00000000f2580000)
  to   space 16896K, 0% used [0x00000000f0480000,0x00000000f0480000,0x00000000f1500000)
 ParOldGen       total 93184K, used 17154K [0x00000000a0000000, 0x00000000a5b00000, 0x00000000e0000000)
  object space 93184K, 18% used [0x00000000a0000000,0x00000000a10c0990,0x00000000a5b00000)
 Metaspace       used 46322K, capacity 47786K, committed 47912K, reserved 1091584K
  class space    used 6261K, capacity 6629K, committed 6704K, reserved 1048576K
}
Event: 10.989 GC heap before
{Heap before GC invocations=11 (full 2):
 PSYoungGen      total 270848K, used 140637K [0x00000000e0000000, 0x00000000f2580000, 0x0000000100000000)
  eden space 257024K, 49% used [0x00000000e0000000,0x00000000e7bdd960,0x00000000efb00000)
  from space 13824K, 99% used [0x00000000f1800000,0x00000000f2579cc8,0x00000000f2580000)
  to   space 16896K, 0% used [0x00000000f0480000,0x00000000f0480000,0x00000000f1500000)
 ParOldGen       total 93184K, used 17154K [0x00000000a0000000, 0x00000000a5b00000, 0x00000000e0000000)
  object space 93184K, 18% used [0x00000000a0000000,0x00000000a10c0990,0x00000000a5b00000)
 Metaspace       used 57090K, capacity 59066K, committed 59160K, reserved 1099776K
  class space    used 7833K, capacity 8296K, committed 8368K, reserved 1048576K
Event: 11.011 GC heap after
Heap after GC invocations=11 (full 2):
 PSYoungGen      total 283648K, used 16880K [0x00000000e0000000, 0x00000000f9a80000, 0x0000000100000000)
  eden space 266752K, 0% used [0x00000000e0000000,0x00000000e0000000,0x00000000f0480000)
  from space 16896K, 99% used [0x00000000f0480000,0x00000000f14fc248,0x00000000f1500000)
  to   space 21504K, 0% used [0x00000000f8580000,0x00000000f8580000,0x00000000f9a80000)
 ParOldGen       total 93184K, used 22546K [0x00000000a0000000, 0x00000000a5b00000, 0x00000000e0000000)
  object space 93184K, 24% used [0x00000000a0000000,0x00000000a1604a00,0x00000000a5b00000)
 Metaspace       used 57090K, capacity 59066K, committed 59160K, reserved 1099776K
  class space    used 7833K, capacity 8296K, committed 8368K, reserved 1048576K
}
Event: 11.011 GC heap before
{Heap before GC invocations=12 (full 3):
 PSYoungGen      total 283648K, used 16880K [0x00000000e0000000, 0x00000000f9a80000, 0x0000000100000000)
  eden space 266752K, 0% used [0x00000000e0000000,0x00000000e0000000,0x00000000f0480000)
  from space 16896K, 99% used [0x00000000f0480000,0x00000000f14fc248,0x00000000f1500000)
  to   space 21504K, 0% used [0x00000000f8580000,0x00000000f8580000,0x00000000f9a80000)
 ParOldGen       total 93184K, used 22546K [0x00000000a0000000, 0x00000000a5b00000, 0x00000000e0000000)
  object space 93184K, 24% used [0x00000000a0000000,0x00000000a1604a00,0x00000000a5b00000)
 Metaspace       used 57090K, capacity 59066K, committed 59160K, reserved 1099776K
  class space    used 7833K, capacity 8296K, committed 8368K, reserved 1048576K
Event: 11.254 GC heap after
Heap after GC invocations=12 (full 3):
 PSYoungGen      total 283648K, used 0K [0x00000000e0000000, 0x00000000f9a80000, 0x0000000100000000)
  eden space 266752K, 0% used [0x00000000e0000000,0x00000000e0000000,0x00000000f0480000)
  from space 16896K, 0% used [0x00000000f0480000,0x00000000f0480000,0x00000000f1500000)
  to   space 21504K, 0% used [0x00000000f8580000,0x00000000f8580000,0x00000000f9a80000)
 ParOldGen       total 129024K, used 34529K [0x00000000a0000000, 0x00000000a7e00000, 0x00000000e0000000)
  object space 129024K, 26% used [0x00000000a0000000,0x00000000a21b8478,0x00000000a7e00000)
 Metaspace       used 57055K, capacity 58946K, committed 59160K, reserved 1099776K
  class space    used 7822K, capacity 8276K, committed 8368K, reserved 1048576K
}
Event: 14.881 GC heap before
{Heap before GC invocations=13 (full 3):
 PSYoungGen      total 283648K, used 266752K [0x00000000e0000000, 0x00000000f9a80000, 0x0000000100000000)
  eden space 266752K, 100% used [0x00000000e0000000,0x00000000f0480000,0x00000000f0480000)
  from space 16896K, 0% used [0x00000000f0480000,0x00000000f0480000,0x00000000f1500000)
  to   space 21504K, 0% used [0x00000000f8580000,0x00000000f8580000,0x00000000f9a80000)
 ParOldGen       total 129024K, used 34529K [0x00000000a0000000, 0x00000000a7e00000, 0x00000000e0000000)
  object space 129024K, 26% used [0x00000000a0000000,0x00000000a21b8478,0x00000000a7e00000)
 Metaspace       used 66463K, capacity 69796K, committed 69928K, reserved 1110016K
  class space    used 9237K, capacity 9929K, committed 10032K, reserved 1048576K
Event: 14.904 GC heap after
Heap after GC invocations=13 (full 3):
 PSYoungGen      total 390144K, used 21490K [0x00000000e0000000, 0x00000000f9a80000, 0x0000000100000000)
  eden space 368640K, 0% used [0x00000000e0000000,0x00000000e0000000,0x00000000f6800000)
  from space 21504K, 99% used [0x00000000f8580000,0x00000000f9a7c990,0x00000000f9a80000)
  to   space 24064K, 0% used [0x00000000f6b80000,0x00000000f6b80000,0x00000000f8300000)
 ParOldGen       total 129024K, used 34730K [0x00000000a0000000, 0x00000000a7e00000, 0x00000000e0000000)
  object space 129024K, 26% used [0x00000000a0000000,0x00000000a21ea880,0x00000000a7e00000)
 Metaspace       used 66463K, capacity 69796K, committed 69928K, reserved 1110016K
  class space    used 9237K, capacity 9929K, committed 10032K, reserved 1048576K
}

