# JRE version: OpenJDK Runtime Environment (8.0_202-b03) (build 1.8.0_202-release-1483-b03)
# Java VM: OpenJDK 64-Bit Server VM (25.202-b03 mixed mode windows-amd64 compressed oops)
Heap:
 PSYoungGen      total 322048K, used 43635K [0x00000000e0000000, 0x00000000f8a80000, 0x0000000100000000)
  eden space 296448K, 6% used [0x00000000e0000000,0x00000000e11a3550,0x00000000f2180000)
  from space 25600K, 99% used [0x00000000f2180000,0x00000000f3a799d8,0x00000000f3a80000)
  to   space 29696K, 0% used [0x00000000f6d80000,0x00000000f6d80000,0x00000000f8a80000)
 ParOldGen       total 171520K, used 32605K [0x00000000a0000000, 0x00000000aa780000, 0x00000000e0000000)
  object space 171520K, 19% used [0x00000000a0000000,0x00000000a1fd7740,0x00000000aa780000)
 Metaspace       used 83842K, capacity 87736K, committed 87808K, reserved 1126400K
  class space    used 10748K, capacity 11496K, committed 11520K, reserved 1048576K
GC Heap History (10 events):
Event: 15.960 GC heap before
{Heap before GC invocations=12 (full 3):
 PSYoungGen      total 216064K, used 16001K [0x00000000e0000000, 0x00000000f3280000, 0x0000000100000000)
  eden space 193536K, 0% used [0x00000000e0000000,0x00000000e0000000,0x00000000ebd00000)
  from space 22528K, 71% used [0x00000000ebd00000,0x00000000ecca0658,0x00000000ed300000)
  to   space 23040K, 0% used [0x00000000f1c00000,0x00000000f1c00000,0x00000000f3280000)
 ParOldGen       total 125952K, used 26323K [0x00000000a0000000, 0x00000000a7b00000, 0x00000000e0000000)
  object space 125952K, 20% used [0x00000000a0000000,0x00000000a19b4f90,0x00000000a7b00000)
 Metaspace       used 56964K, capacity 58962K, committed 59096K, reserved 1099776K
  class space    used 7773K, capacity 8244K, committed 8320K, reserved 1048576K
Event: 16.368 GC heap after
Heap after GC invocations=12 (full 3):
 PSYoungGen      total 216064K, used 0K [0x00000000e0000000, 0x00000000f3280000, 0x0000000100000000)
  eden space 193536K, 0% used [0x00000000e0000000,0x00000000e0000000,0x00000000ebd00000)
  from space 22528K, 0% used [0x00000000ebd00000,0x00000000ebd00000,0x00000000ed300000)
  to   space 23040K, 0% used [0x00000000f1c00000,0x00000000f1c00000,0x00000000f3280000)
 ParOldGen       total 171520K, used 30629K [0x00000000a0000000, 0x00000000aa780000, 0x00000000e0000000)
  object space 171520K, 17% used [0x00000000a0000000,0x00000000a1de9668,0x00000000aa780000)
 Metaspace       used 56934K, capacity 58860K, committed 59096K, reserved 1099776K
  class space    used 7764K, capacity 8227K, committed 8320K, reserved 1048576K
}
Event: 22.109 GC heap before
{Heap before GC invocations=13 (full 3):
 PSYoungGen      total 216064K, used 193536K [0x00000000e0000000, 0x00000000f3280000, 0x0000000100000000)
  eden space 193536K, 100% used [0x00000000e0000000,0x00000000ebd00000,0x00000000ebd00000)
  from space 22528K, 0% used [0x00000000ebd00000,0x00000000ebd00000,0x00000000ed300000)
  to   space 23040K, 0% used [0x00000000f1c00000,0x00000000f1c00000,0x00000000f3280000)
 ParOldGen       total 171520K, used 30629K [0x00000000a0000000, 0x00000000aa780000, 0x00000000e0000000)
  object space 171520K, 17% used [0x00000000a0000000,0x00000000a1de9718,0x00000000aa780000)
 Metaspace       used 66678K, capacity 69720K, committed 69888K, reserved 1110016K
  class space    used 9094K, capacity 9705K, committed 9728K, reserved 1048576K
Event: 22.148 GC heap after
Heap after GC invocations=13 (full 3):
 PSYoungGen      total 258560K, used 14823K [0x00000000e0000000, 0x00000000f2a80000, 0x0000000100000000)
  eden space 243712K, 0% used [0x00000000e0000000,0x00000000e0000000,0x00000000eee00000)
  from space 14848K, 99% used [0x00000000f1c00000,0x00000000f2a79f78,0x00000000f2a80000)
  to   space 23040K, 0% used [0x00000000efd80000,0x00000000efd80000,0x00000000f1400000)
 ParOldGen       total 171520K, used 30637K [0x00000000a0000000, 0x00000000aa780000, 0x00000000e0000000)
  object space 171520K, 17% used [0x00000000a0000000,0x00000000a1deb718,0x00000000aa780000)
 Metaspace       used 66678K, capacity 69720K, committed 69888K, reserved 1110016K
  class space    used 9094K, capacity 9705K, committed 9728K, reserved 1048576K
}
Event: 234.077 GC heap before
{Heap before GC invocations=14 (full 3):
 PSYoungGen      total 258560K, used 258535K [0x00000000e0000000, 0x00000000f2a80000, 0x0000000100000000)
  eden space 243712K, 100% used [0x00000000e0000000,0x00000000eee00000,0x00000000eee00000)
  from space 14848K, 99% used [0x00000000f1c00000,0x00000000f2a79f78,0x00000000f2a80000)
  to   space 23040K, 0% used [0x00000000efd80000,0x00000000efd80000,0x00000000f1400000)
 ParOldGen       total 171520K, used 30643K [0x00000000a0000000, 0x00000000aa780000, 0x00000000e0000000)
  object space 171520K, 17% used [0x00000000a0000000,0x00000000a1decfb0,0x00000000aa780000)
 Metaspace       used 74045K, capacity 77662K, committed 77824K, reserved 1116160K
  class space    used 9713K, capacity 10403K, committed 10496K, reserved 1048576K
Event: 234.108 GC heap after
Heap after GC invocations=14 (full 3):
 PSYoungGen      total 282624K, used 20951K [0x00000000e0000000, 0x00000000f5300000, 0x0000000100000000)
  eden space 259584K, 0% used [0x00000000e0000000,0x00000000e0000000,0x00000000efd80000)
  from space 23040K, 90% used [0x00000000efd80000,0x00000000f11f5ed8,0x00000000f1400000)
  to   space 25088K, 0% used [0x00000000f3a80000,0x00000000f3a80000,0x00000000f5300000)
 ParOldGen       total 171520K, used 30651K [0x00000000a0000000, 0x00000000aa780000, 0x00000000e0000000)
  object space 171520K, 17% used [0x00000000a0000000,0x00000000a1deefb0,0x00000000aa780000)
 Metaspace       used 74045K, capacity 77662K, committed 77824K, reserved 1116160K
  class space    used 9713K, capacity 10403K, committed 10496K, reserved 1048576K
}
Event: 384.523 GC heap before
{Heap before GC invocations=15 (full 3):
 PSYoungGen      total 282624K, used 280535K [0x00000000e0000000, 0x00000000f5300000, 0x0000000100000000)
  eden space 259584K, 100% used [0x00000000e0000000,0x00000000efd80000,0x00000000efd80000)
  from space 23040K, 90% used [0x00000000efd80000,0x00000000f11f5ed8,0x00000000f1400000)
  to   space 25088K, 0% used [0x00000000f3a80000,0x00000000f3a80000,0x00000000f5300000)
 ParOldGen       total 171520K, used 30651K [0x00000000a0000000, 0x00000000aa780000, 0x00000000e0000000)
  object space 171520K, 17% used [0x00000000a0000000,0x00000000a1deefb0,0x00000000aa780000)
 Metaspace       used 78014K, capacity 81892K, committed 82048K, reserved 1120256K
  class space    used 10093K, capacity 10836K, committed 10880K, reserved 1048576K
Event: 384.554 GC heap after
Heap after GC invocations=15 (full 3):
 PSYoungGen      total 321536K, used 18045K [0x00000000e0000000, 0x00000000f5d80000, 0x0000000100000000)
  eden space 296448K, 0% used [0x00000000e0000000,0x00000000e0000000,0x00000000f2180000)
  from space 25088K, 71% used [0x00000000f3a80000,0x00000000f4c1f680,0x00000000f5300000)
  to   space 25600K, 0% used [0x00000000f2180000,0x00000000f2180000,0x00000000f3a80000)
 ParOldGen       total 171520K, used 30659K [0x00000000a0000000, 0x00000000aa780000, 0x00000000e0000000)
  object space 171520K, 17% used [0x00000000a0000000,0x00000000a1df0fb0,0x00000000aa780000)
 Metaspace       used 78014K, capacity 81892K, committed 82048K, reserved 1120256K
  class space    used 10093K, capacity 10836K, committed 10880K, reserved 1048576K
}
Event: 390.697 GC heap before
{Heap before GC invocations=16 (full 3):
 PSYoungGen      total 321536K, used 314493K [0x00000000e0000000, 0x00000000f5d80000, 0x0000000100000000)
  eden space 296448K, 100% used [0x00000000e0000000,0x00000000f2180000,0x00000000f2180000)
  from space 25088K, 71% used [0x00000000f3a80000,0x00000000f4c1f680,0x00000000f5300000)
  to   space 25600K, 0% used [0x00000000f2180000,0x00000000f2180000,0x00000000f3a80000)
 ParOldGen       total 171520K, used 30659K [0x00000000a0000000, 0x00000000aa780000, 0x00000000e0000000)
  object space 171520K, 17% used [0x00000000a0000000,0x00000000a1df0fb0,0x00000000aa780000)
 Metaspace       used 82976K, capacity 86872K, committed 87040K, reserved 1124352K
  class space    used 10692K, capacity 11464K, committed 11520K, reserved 1048576K
Event: 390.732 GC heap after
Heap after GC invocations=16 (full 3):
 PSYoungGen      total 322048K, used 25574K [0x00000000e0000000, 0x00000000f8a80000, 0x0000000100000000)
  eden space 296448K, 0% used [0x00000000e0000000,0x00000000e0000000,0x00000000f2180000)
  from space 25600K, 99% used [0x00000000f2180000,0x00000000f3a799d8,0x00000000f3a80000)
  to   space 29696K, 0% used [0x00000000f6d80000,0x00000000f6d80000,0x00000000f8a80000)
 ParOldGen       total 171520K, used 32605K [0x00000000a0000000, 0x00000000aa780000, 0x00000000e0000000)
  object space 171520K, 19% used [0x00000000a0000000,0x00000000a1fd7740,0x00000000aa780000)
 Metaspace       used 82976K, capacity 86872K, committed 87040K, reserved 1124352K
  class space    used 10692K, capacity 11464K, committed 11520K, reserved 1048576K
}

